0 silly input [ 'build' ]
1 silly flags { _: [ 'run' ],
1 silly flags   'reject-cycles': false,
1 silly flags   rejectCycles: false,
1 silly flags   script: 'build',
1 silly flags   args: [] }
2 verbose rootPath /Users/mmcleod/Desktop/local-repos/samples/jupyter/labextensions/projects/my-mathjax3-ext
3 info version 2.11.0
4 silly existsSync /Users/mmcleod/Desktop/local-repos/samples/jupyter/labextensions/projects/my-mathjax3-ext/VERSION
5 info versioning independent
6 silly initialize attempt
7 silly initialize success
8 silly execute attempt
9 silly runScriptInDir build [] my-mathjax3-ext
10 silly getExecOpts { cwd: '/Users/mmcleod/Desktop/local-repos/samples/jupyter/labextensions/projects/my-mathjax3-ext/packages/my-mathjax3-ext' }
11 error build Errored while running script in 'sparkboom/mymathjax3ext'
12 error execute callback with error
13 error Error: Command failed: yarn run build
13 error error package.json: Name contains illegal characters
13 error info Visit https://yarnpkg.com/en/docs/cli/run for documentation about this command.
13 error
13 error     at Promise.all.then.arr (/Users/mmcleod/Desktop/local-repos/samples/jupyter/labextensions/projects/my-mathjax3-ext/node_modules/execa/index.js:236:11)
13 error     at <anonymous>
